<?xml version="1.0" encoding="UTF-8"?>
<!-- Generated by org.testng.reporters.JUnitReportReporter -->
<testsuite hostname="LAPTOP-PDD67UF8" failures="0" tests="1" name="automationtask.tugas.AppTest" time="9.833" errors="0" timestamp="19 Dec 2021 09:47:43 GMT" skipped="0">
  <testcase classname="automationtask.tugas.AppTest" name="TripToAndFrom" time="9.833"/>
</testsuite> <!-- automationtask.tugas.AppTest -->
