<?xml version="1.0" encoding="UTF-8"?>
<!-- Generated by org.testng.reporters.JUnitReportReporter -->
<testsuite hostname="LAPTOP-PDD67UF8" failures="0" tests="1" name="automationtask.tugas.ApiTest" time="3.016" errors="0" timestamp="19 Oct 2021 06:49:47 GMT" skipped="0">
  <testcase classname="automationtask.tugas.ApiTest" name="signUp" time="3.016"/>
</testsuite> <!-- automationtask.tugas.ApiTest -->
